connecting...

echo BfMYroe26WYalil77FoDi9qh59eK5xNr | openssl s_client -connect localhost:30001 -ign_eof
##################################################
CONNECTED(00000003)
---
Certificate chain
 0 s:/CN=localhost
   i:/CN=localhost
---
Server certificate
-----BEGIN CERTIFICATE-----
MIICBjCCAW+gAwIBAgIEDU18oTANBgkqhkiG9w0BAQUFADAUMRIwEAYDVQQDDAls
b2NhbGhvc3QwHhcNMjAwNTA3MTgxNTQzWhcNMjEwNTA3MTgxNTQzWjAUMRIwEAYD
VQQDDAlsb2NhbGhvc3QwgZ8wDQYJKoZIhvcNAQEBBQADgY0AMIGJAoGBAK3CPNFR
FEypcqUa8NslmIMWl9xq53Cwhs/fvYHAvauyfE3uDVyyX79Z34Tkot6YflAoufnS
+puh2Kgq7aDaF+xhE+FPcz1JE0C2bflGfEtx4l3qy79SRpLiZ7eio8NPasvduG5e
pkuHefwI4c7GS6Y7OTz/6IpxqXBzv3c+x93TAgMBAAGjZTBjMBQGA1UdEQQNMAuC
CWxvY2FsaG9zdDBLBglghkgBhvhCAQ0EPhY8QXV0b21hdGljYWxseSBnZW5lcmF0
ZWQgYnkgTmNhdC4gU2VlIGh0dHBzOi8vbm1hcC5vcmcvbmNhdC8uMA0GCSqGSIb3
DQEBBQUAA4GBAC9uy1rF2U/OSBXbQJYuPuzT5mYwcjEEV0XwyiX1MFZbKUlyFZUw
rq+P1HfFp+BSODtk6tHM9bTz+p2OJRXuELG0ly8+Nf/hO/mYS1i5Ekzv4PL9hO8q
PfmDXTHs23Tc7ctLqPRj4/4qxw6RF4SM+uxkAuHgT/NDW1LphxkJlKGn
-----END CERTIFICATE-----
subject=/CN=localhost
issuer=/CN=localhost
---
No client certificate CA names sent
Peer signing digest: SHA512
Server Temp Key: X25519, 253 bits
---
SSL handshake has read 1019 bytes and written 269 bytes
Verification error: self signed certificate
---
New, TLSv1.2, Cipher is ECDHE-RSA-AES256-GCM-SHA384
Server public key is 1024 bit
Secure Renegotiation IS supported
Compression: NONE
Expansion: NONE
No ALPN negotiated
SSL-Session:
    Protocol  : TLSv1.2
    Cipher    : ECDHE-RSA-AES256-GCM-SHA384
    Session-ID: 4594686729130AD4CC534D682D0C1A069AE22BA863A7577EAC54B35FA446117F
    Session-ID-ctx: 
    Master-Key: 2123903D49A9E8085B189AA46920F223507719C7E941279AE48D96E24AE655EC1FA20A530DD470CFDEB04136C9124DF9
    PSK identity: None
    PSK identity hint: None
    SRP username: None
    TLS session ticket lifetime hint: 7200 (seconds)
    TLS session ticket:
    0000 - aa 02 e6 3a 2e 0b c8 5d-6f 54 4a 1b 5a e0 2c 0e   ...:...]oTJ.Z.,.
    0010 - b1 92 bb 29 42 85 7a a4-ff 41 24 87 99 73 a1 61   ...)B.z..A$..s.a
    0020 - 4f ec 79 9e 8f 81 6a 50-fd ba c4 46 86 d9 db 45   O.y...jP...F...E
    0030 - 8c 50 c4 77 de ee 83 54-92 b1 6c cb 87 54 10 45   .P.w...T..l..T.E
    0040 - 84 79 19 60 0e f8 b6 5e-9b c9 ed 61 10 2c e8 b1   .y.`...^...a.,..
    0050 - 1b c1 e0 6d 83 c8 ca c0-e7 a2 e4 d0 30 4e 9a ec   ...m........0N..
    0060 - c9 3e 32 a6 09 ee e4 ad-9c 65 9c 17 fa 35 7c c9   .>2......e...5|.
    0070 - 7f 5f d1 35 11 e9 d5 41-5d 1a 4e 9d 05 bb c7 b8   ._.5...A].N.....
    0080 - 93 10 6b 0f 11 fa 9e 9d-99 88 3a 04 b7 c0 cb 3f   ..k.......:....?
    0090 - d2 61 be b8 b0 b5 36 06-dd f8 1c af c4 f4 3f a5   .a....6.......?.

    Start Time: 1595590213
    Timeout   : 7200 (sec)
    Verify return code: 18 (self signed certificate)
    Extended master secret: yes
---
Correct!
cluFn7wTiGryunymYOu4RcffSxQluehd

closed
##################################################

bandit16 password: cluFn7wTiGryunymYOu4RcffSxQluehd
