connecting...

ls -la
##################################################
total 56
drwxr-xr-x  2 root    root     4096 May  7 20:15 .
drwxr-xr-x 41 root    root     4096 May  7 20:14 ..
-rw-r--r--  1 root    root      220 May 15  2017 .bash_logout
-rw-r--r--  1 root    root     3526 May 15  2017 .bashrc
-rw-r-----  1 bandit9 bandit8 33033 May  7 20:15 data.txt
-rw-r--r--  1 root    root      675 May 15  2017 .profile
##################################################

cat data.txt | sort | uniq -uc
##################################################
      1 UsvVyFSfZZWbi6wgC7dAFyFuR6jQQUhR
##################################################

cat data.txt | sort | uniq -u
##################################################
UsvVyFSfZZWbi6wgC7dAFyFuR6jQQUhR
##################################################

bandit9 password: UsvVyFSfZZWbi6wgC7dAFyFuR6jQQUhR
