connecting...

ls -la
##################################################
total 24
drwxr-xr-x  3 root root 4096 May  7 20:14 .
drwxr-xr-x 41 root root 4096 May  7 20:14 ..
-rw-r--r--  1 root root  220 May 15  2017 .bash_logout
-rw-r--r--  1 root root 3526 May 15  2017 .bashrc
drwxr-xr-x  2 root root 4096 May  7 20:14 inhere
-rw-r--r--  1 root root  675 May 15  2017 .profile
##################################################

cd inhere && ls -la
##################################################
total 12
drwxr-xr-x 2 root    root    4096 May  7 20:14 .
drwxr-xr-x 3 root    root    4096 May  7 20:14 ..
-rw-r----- 1 bandit4 bandit3   33 May  7 20:14 .hidden
##################################################

cat ./inhere/.hidden
##################################################
pIwrPrtPN36QITSp3EQaw936yaFoFgAB
##################################################

bandit4 password: pIwrPrtPN36QITSp3EQaw936yaFoFgAB
