connecting...

ls -la
##################################################
total 24
drwxr-xr-x  3 root root 4096 May  7 20:14 .
drwxr-xr-x 41 root root 4096 May  7 20:14 ..
-rw-r--r--  1 root root  220 May 15  2017 .bash_logout
-rw-r--r--  1 root root 3526 May 15  2017 .bashrc
drwxr-xr-x  2 root root 4096 May  7 20:15 inhere
-rw-r--r--  1 root root  675 May 15  2017 .profile
##################################################

cd inhere && ls -la
##################################################
total 48
drwxr-xr-x 2 root    root    4096 May  7 20:15 .
drwxr-xr-x 3 root    root    4096 May  7 20:14 ..
-rw-r----- 1 bandit5 bandit4   33 May  7 20:14 -file00
-rw-r----- 1 bandit5 bandit4   33 May  7 20:14 -file01
-rw-r----- 1 bandit5 bandit4   33 May  7 20:14 -file02
-rw-r----- 1 bandit5 bandit4   33 May  7 20:14 -file03
-rw-r----- 1 bandit5 bandit4   33 May  7 20:14 -file04
-rw-r----- 1 bandit5 bandit4   33 May  7 20:14 -file05
-rw-r----- 1 bandit5 bandit4   33 May  7 20:15 -file06
-rw-r----- 1 bandit5 bandit4   33 May  7 20:15 -file07
-rw-r----- 1 bandit5 bandit4   33 May  7 20:15 -file08
-rw-r----- 1 bandit5 bandit4   33 May  7 20:15 -file09
##################################################

find ./inhere -type f -exec file {} + | grep ASCII
##################################################
./inhere/-file07: ASCII text
##################################################

cat ./inhere/-file07
##################################################
koReBOKuIDDepwhWk7jZC0RTdopnAYKh
##################################################

bandit5 password: koReBOKuIDDepwhWk7jZC0RTdopnAYKh
